<?xml version="1.0" encoding="UTF-8"?>
<!-- Generated by org.testng.reporters.JUnitXMLReporter -->
<testsuite ignored="0" hostname="LAPTOP-LE89MGQI" failures="0" tests="5" name="Default test" time="28.347" errors="0" timestamp="2024-02-28T16:25:34 IST">
  <testcase classname="stepdefinitions.ServicetypesM" name="browser_is_open" time="3.397"/>
  <testcase classname="stepdefinitions.ServicetypesM" name="browser_is_on_the_login_page" time="3.263"/>
  <testcase classname="stepdefinitions.ServicetypesM" name="i_enter_username_and_password" time="1.192"/>
  <testcase classname="stepdefinitions.ServicetypesM" name="i_click_on_inpatient_ward_to_access_location" time="5.519"/>
  <testcase classname="stepdefinitions.ServicetypesM" name="i_navigate_to_the_home_page" time="14.905"/>
</testsuite> <!-- Default test -->
