<?xml version="1.0" encoding="UTF-8"?>
<testng-results ignored="0" total="5" passed="5" failed="0" skipped="0">
  <reporter-output>
  </reporter-output>
  <suite started-at="2024-02-28T16:25:06 IST" name="Default suite" finished-at="2024-02-28T16:25:34 IST" duration-ms="28347">
    <groups>
    </groups>
    <test started-at="2024-02-28T16:25:06 IST" name="Default test" finished-at="2024-02-28T16:25:34 IST" duration-ms="28347">
      <class name="stepdefinitions.ServicetypesM">
        <test-method signature="browser_is_open()[pri:1, instance:stepdefinitions.ServicetypesM@4ce1d6d0]" started-at="2024-02-28T16:25:06 IST" name="browser_is_open" finished-at="2024-02-28T16:25:09 IST" duration-ms="3397" status="PASS">
          <reporter-output>
          </reporter-output>
        </test-method> <!-- browser_is_open -->
        <test-method signature="browser_is_on_the_login_page()[pri:2, instance:stepdefinitions.ServicetypesM@4ce1d6d0]" started-at="2024-02-28T16:25:09 IST" name="browser_is_on_the_login_page" finished-at="2024-02-28T16:25:13 IST" duration-ms="3263" status="PASS">
          <reporter-output>
          </reporter-output>
        </test-method> <!-- browser_is_on_the_login_page -->
        <test-method signature="i_enter_username_and_password()[pri:3, instance:stepdefinitions.ServicetypesM@4ce1d6d0]" started-at="2024-02-28T16:25:13 IST" name="i_enter_username_and_password" finished-at="2024-02-28T16:25:14 IST" duration-ms="1192" status="PASS">
          <reporter-output>
          </reporter-output>
        </test-method> <!-- i_enter_username_and_password -->
        <test-method signature="i_click_on_inpatient_ward_to_access_location()[pri:4, instance:stepdefinitions.ServicetypesM@4ce1d6d0]" started-at="2024-02-28T16:25:14 IST" name="i_click_on_inpatient_ward_to_access_location" finished-at="2024-02-28T16:25:19 IST" duration-ms="5519" status="PASS">
          <reporter-output>
          </reporter-output>
        </test-method> <!-- i_click_on_inpatient_ward_to_access_location -->
        <test-method signature="i_navigate_to_the_home_page()[pri:5, instance:stepdefinitions.ServicetypesM@4ce1d6d0]" started-at="2024-02-28T16:25:19 IST" name="i_navigate_to_the_home_page" finished-at="2024-02-28T16:25:34 IST" duration-ms="14905" status="PASS">
          <reporter-output>
          </reporter-output>
        </test-method> <!-- i_navigate_to_the_home_page -->
      </class> <!-- stepdefinitions.ServicetypesM -->
    </test> <!-- Default test -->
  </suite> <!-- Default suite -->
</testng-results>
